<?xml version="1.0" encoding="UTF-8"?>
<testng-results ignored="0" total="1" passed="1" failed="0" skipped="0">
  <reporter-output>
  </reporter-output>
  <suite started-at="2024-12-30T15:49:21 IST" name="Default suite" finished-at="2024-12-30T15:49:28 IST" duration-ms="7580">
    <groups>
    </groups>
    <test started-at="2024-12-30T15:49:21 IST" name="Default test" finished-at="2024-12-30T15:49:28 IST" duration-ms="7580">
      <class name="test.example2_selectDateInredBusApp2">
        <test-method signature="test()[pri:0, instance:test.example2_selectDateInredBusApp2@2a7f1f10]" started-at="2024-12-30T15:49:21 IST" name="test" finished-at="2024-12-30T15:49:28 IST" duration-ms="7440" status="PASS">
          <reporter-output>
          </reporter-output>
        </test-method> <!-- test -->
      </class> <!-- test.example2_selectDateInredBusApp2 -->
    </test> <!-- Default test -->
  </suite> <!-- Default suite -->
</testng-results>
